2026-07-10 12:40:26.569300: I tensorflow/core/util/port.cc:153] oneDNN custom operations are on. You may see slightly different numerical results due to floating-point round-off errors from different computation orders. To turn them off, set the environment variable `TF_ENABLE_ONEDNN_OPTS=0`.
C:\Users\Manas Yadav\AppData\Local\Programs\Python\Python313\Lib\site-packages\requests\__init__.py:113: RequestsDependencyWarning: urllib3 (2.5.0) or chardet (7.4.0.post2)/charset_normalizer (3.4.3) doesn't match a supported version!
  warnings.warn(
2026-07-10 12:40:30.814402: I tensorflow/core/util/port.cc:153] oneDNN custom operations are on. You may see slightly different numerical results due to floating-point round-off errors from different computation orders. To turn them off, set the environment variable `TF_ENABLE_ONEDNN_OPTS=0`.
Using cpu device
----------------------------------
| rollout/           |           |
|    ep_len_mean     | 320       |
|    ep_rew_mean     | -1.28e+03 |
| time/              |           |
|    episodes        | 4         |
|    fps             | 2142      |
|    time_elapsed    | 0         |
|    total_timesteps | 1280      |
----------------------------------
----------------------------------
| rollout/           |           |
|    ep_len_mean     | 320       |
|    ep_rew_mean     | -1.33e+03 |
| time/              |           |
|    episodes        | 8         |
|    fps             | 2169      |
|    time_elapsed    | 1         |
|    total_timesteps | 2560      |
----------------------------------
----------------------------------
| rollout/           |           |
|    ep_len_mean     | 320       |
|    ep_rew_mean     | -1.25e+03 |
| time/              |           |
|    episodes        | 12        |
|    fps             | 2212      |
|    time_elapsed    | 1         |
|    total_timesteps | 3840      |
----------------------------------
----------------------------------
| rollout/           |           |
|    ep_len_mean     | 301       |
|    ep_rew_mean     | -1.19e+03 |
| time/              |           |
|    episodes        | 16        |
|    fps             | 2208      |
|    time_elapsed    | 2         |
|    total_timesteps | 4812      |
----------------------------------
----------------------------------
| rollout/           |           |
|    ep_len_mean     | 274       |
|    ep_rew_mean     | -1.07e+03 |
| time/              |           |
|    episodes        | 20        |
|    fps             | 518       |
|    time_elapsed    | 10        |
|    total_timesteps | 5473      |
| train/             |           |
|    actor_loss      | 6.98      |
|    critic_loss     | 7.48      |
|    ent_coef        | 0.887     |
|    ent_coef_loss   | -0.102    |
|    learning_rate   | 0.0003    |
|    n_updates       | 472       |
----------------------------------
---------------------------------
| rollout/           |          |
|    ep_len_mean     | 230      |
|    ep_rew_mean     | -925     |
| time/              |          |
|    episodes        | 24       |
|    fps             | 490      |
|    time_elapsed    | 11       |
|    total_timesteps | 5515     |
| train/             |          |
|    actor_loss      | 6.64     |
|    critic_loss     | 4.11     |
|    ent_coef        | 0.879    |
|    ent_coef_loss   | -0.105   |
|    learning_rate   | 0.0003   |
|    n_updates       | 514      |
---------------------------------
---------------------------------
| rollout/           |          |
|    ep_len_mean     | 232      |
|    ep_rew_mean     | -857     |
| time/              |          |
|    episodes        | 28       |
|    fps             | 235      |
|    time_elapsed    | 27       |
|    total_timesteps | 6485     |
| train/             |          |
|    actor_loss      | 14.3     |
|    critic_loss     | 26.6     |
|    ent_coef        | 0.688    |
|    ent_coef_loss   | -0.348   |
|    learning_rate   | 0.0003   |
|    n_updates       | 1484     |
---------------------------------
---------------------------------
| rollout/           |          |
|    ep_len_mean     | 243      |
|    ep_rew_mean     | -813     |
| time/              |          |
|    episodes        | 32       |
|    fps             | 161      |
|    time_elapsed    | 47       |
|    total_timesteps | 7765     |
| train/             |          |
|    actor_loss      | 20       |
|    critic_loss     | 4.83     |
|    ent_coef        | 0.48     |
|    ent_coef_loss   | -0.695   |
|    learning_rate   | 0.0003   |
|    n_updates       | 2764     |
---------------------------------
---------------------------------
| rollout/           |          |
|    ep_len_mean     | 246      |
|    ep_rew_mean     | -761     |
| time/              |          |
|    episodes        | 36       |
|    fps             | 134      |
|    time_elapsed    | 66       |
|    total_timesteps | 8873     |
| train/             |          |
|    actor_loss      | 25.6     |
|    critic_loss     | 2.73     |
|    ent_coef        | 0.354    |
|    ent_coef_loss   | -0.892   |
|    learning_rate   | 0.0003   |
|    n_updates       | 3872     |
---------------------------------
Eval num_timesteps=10000, episode_reward=-311.22 +/- 123.39
Episode length: 231.50 +/- 80.15
---------------------------------
| eval/              |          |
|    mean_ep_length  | 232      |
|    mean_reward     | -311     |
| time/              |          |
|    total_timesteps | 10000    |
| train/             |          |
|    actor_loss      | 32.2     |
|    critic_loss     | 2.34     |
|    ent_coef        | 0.263    |
|    ent_coef_loss   | -0.834   |
|    learning_rate   | 0.0003   |
|    n_updates       | 4999     |
---------------------------------
New best mean reward!
[metrics] t=10000 R=-286.3 fuel=51.5mL time=146.8s stops=210.4 maxjerk=2.76
---------------------------------
| rollout/           |          |
|    ep_len_mean     | 252      |
|    ep_rew_mean     | -733     |
| time/              |          |
|    episodes        | 40       |
|    fps             | 112      |
|    time_elapsed    | 89       |
|    total_timesteps | 10084    |
| train/             |          |
|    actor_loss      | 32.4     |
|    critic_loss     | 2.01     |
|    ent_coef        | 0.258    |
|    ent_coef_loss   | -0.793   |
|    learning_rate   | 0.0003   |
|    n_updates       | 5083     |
---------------------------------
---------------------------------
| rollout/           |          |
|    ep_len_mean     | 254      |
|    ep_rew_mean     | -696     |
| time/              |          |
|    episodes        | 44       |
|    fps             | 105      |
|    time_elapsed    | 106      |
|    total_timesteps | 11162    |
| train/             |          |
|    actor_loss      | 36.8     |
|    critic_loss     | 21.1     |
|    ent_coef        | 0.198    |
|    ent_coef_loss   | -0.765   |
|    learning_rate   | 0.0003   |
|    n_updates       | 6161     |
---------------------------------
---------------------------------
| rollout/           |          |
|    ep_len_mean     | 259      |
|    ep_rew_mean     | -657     |
| time/              |          |
|    episodes        | 48       |
|    fps             | 97       |
|    time_elapsed    | 126      |
|    total_timesteps | 12442    |
| train/             |          |
|    actor_loss      | 45.6     |
|    critic_loss     | 7.22     |
|    ent_coef        | 0.149    |
|    ent_coef_loss   | -0.565   |
|    learning_rate   | 0.0003   |
|    n_updates       | 7441     |
---------------------------------
---------------------------------
| rollout/           |          |
|    ep_len_mean     | 255      |
|    ep_rew_mean     | -619     |
| time/              |          |
|    episodes        | 52       |
|    fps             | 94       |
|    time_elapsed    | 140      |
|    total_timesteps | 13276    |
| train/             |          |
|    actor_loss      | 47.4     |
|    critic_loss     | 4.23     |
|    ent_coef        | 0.126    |
|    ent_coef_loss   | -0.366   |
|    learning_rate   | 0.0003   |
|    n_updates       | 8275     |
---------------------------------
---------------------------------
| rollout/           |          |
|    ep_len_mean     | 251      |
|    ep_rew_mean     | -595     |
| time/              |          |
|    episodes        | 56       |
|    fps             | 92       |
|    time_elapsed    | 152      |
|    total_timesteps | 14038    |
| train/             |          |
|    actor_loss      | 50.2     |
|    critic_loss     | 5.83     |
|    ent_coef        | 0.113    |
|    ent_coef_loss   | -0.506   |
|    learning_rate   | 0.0003   |
|    n_updates       | 9037     |
---------------------------------
---------------------------------
| rollout/           |          |
|    ep_len_mean     | 251      |
|    ep_rew_mean     | -573     |
| time/              |          |
|    episodes        | 60       |
|    fps             | 90       |
|    time_elapsed    | 167      |
|    total_timesteps | 15056    |
| train/             |          |
|    actor_loss      | 54.9     |
|    critic_loss     | 6.37     |
|    ent_coef        | 0.105    |
|    ent_coef_loss   | 0.0209   |
|    learning_rate   | 0.0003   |
|    n_updates       | 10055    |
---------------------------------
---------------------------------
| rollout/           |          |
|    ep_len_mean     | 250      |
|    ep_rew_mean     | -559     |
| time/              |          |
|    episodes        | 64       |
|    fps             | 88       |
|    time_elapsed    | 181      |
|    total_timesteps | 16006    |
| train/             |          |
|    actor_loss      | 57.9     |
|    critic_loss     | 7.51     |
|    ent_coef        | 0.0992   |
|    ent_coef_loss   | -0.107   |
|    learning_rate   | 0.0003   |
|    n_updates       | 11005    |
---------------------------------
---------------------------------
| rollout/           |          |
|    ep_len_mean     | 254      |
|    ep_rew_mean     | -548     |
| time/              |          |
|    episodes        | 68       |
|    fps             | 86       |
|    time_elapsed    | 200      |
|    total_timesteps | 17286    |
| train/             |          |
|    actor_loss      | 62.9     |
|    critic_loss     | 6.68     |
|    ent_coef        | 0.0946   |
|    ent_coef_loss   | -0.0536  |
|    learning_rate   | 0.0003   |
|    n_updates       | 12285    |
---------------------------------
---------------------------------
| rollout/           |          |
|    ep_len_mean     | 258      |
|    ep_rew_mean     | -535     |
| time/              |          |
|    episodes        | 72       |
|    fps             | 84       |
|    time_elapsed    | 220      |
|    total_timesteps | 18566    |
| train/             |          |
|    actor_loss      | 63.5     |
|    critic_loss     | 4.85     |
|    ent_coef        | 0.0989   |
|    ent_coef_loss   | 0.0711   |
|    learning_rate   | 0.0003   |
|    n_updates       | 13565    |
---------------------------------
---------------------------------
| rollout/           |          |
|    ep_len_mean     | 261      |
|    ep_rew_mean     | -523     |
| time/              |          |
|    episodes        | 76       |
|    fps             | 82       |
|    time_elapsed    | 239      |
|    total_timesteps | 19846    |
| train/             |          |
|    actor_loss      | 72.6     |
|    critic_loss     | 6.07     |
|    ent_coef        | 0.0956   |
|    ent_coef_loss   | -0.043   |
|    learning_rate   | 0.0003   |
|    n_updates       | 14845    |
---------------------------------
Eval num_timesteps=20000, episode_reward=-428.20 +/- 77.91
Episode length: 284.12 +/- 94.92
---------------------------------
| eval/              |          |
|    mean_ep_length  | 284      |
|    mean_reward     | -428     |
| time/              |          |
|    total_timesteps | 20000    |
| train/             |          |
|    actor_loss      | 71.5     |
|    critic_loss     | 3.68     |
|    ent_coef        | 0.0945   |
|    ent_coef_loss   | -0.00357 |
|    learning_rate   | 0.0003   |
|    n_updates       | 14999    |
---------------------------------
[metrics] t=20000 R=-391.0 fuel=33.6mL time=140.7s stops=232.5 maxjerk=3.41
---------------------------------
| rollout/           |          |
|    ep_len_mean     | 264      |
|    ep_rew_mean     | -516     |
| time/              |          |
|    episodes        | 80       |
|    fps             | 80       |
|    time_elapsed    | 261      |
|    total_timesteps | 21126    |
| train/             |          |
|    actor_loss      | 76.9     |
|    critic_loss     | 2.69     |
|    ent_coef        | 0.0932   |
|    ent_coef_loss   | 0.18     |
|    learning_rate   | 0.0003   |
|    n_updates       | 16125    |
---------------------------------
---------------------------------
| rollout/           |          |
|    ep_len_mean     | 263      |
|    ep_rew_mean     | -506     |
| time/              |          |
|    episodes        | 84       |
|    fps             | 79       |
|    time_elapsed    | 276      |
|    total_timesteps | 22092    |
| train/             |          |
|    actor_loss      | 77.1     |
|    critic_loss     | 8.48     |
|    ent_coef        | 0.093    |
|    ent_coef_loss   | -0.0859  |
|    learning_rate   | 0.0003   |
|    n_updates       | 17091    |
---------------------------------
---------------------------------
| rollout/           |          |
|    ep_len_mean     | 262      |
|    ep_rew_mean     | -498     |
| time/              |          |
|    episodes        | 88       |
|    fps             | 79       |
|    time_elapsed    | 290      |
|    total_timesteps | 23058    |
| train/             |          |
|    actor_loss      | 77.5     |
|    critic_loss     | 1.63     |
|    ent_coef        | 0.0939   |
|    ent_coef_loss   | 0.207    |
|    learning_rate   | 0.0003   |
|    n_updates       | 18057    |
---------------------------------
---------------------------------
| rollout/           |          |
|    ep_len_mean     | 265      |
|    ep_rew_mean     | -497     |
| time/              |          |
|    episodes        | 92       |
|    fps             | 78       |
|    time_elapsed    | 310      |
|    total_timesteps | 24338    |
| train/             |          |
|    actor_loss      | 87.7     |
|    critic_loss     | 5.1      |
|    ent_coef        | 0.0939   |
|    ent_coef_loss   | 0.0734   |
|    learning_rate   | 0.0003   |
|    n_updates       | 19337    |
---------------------------------
---------------------------------
| rollout/           |          |
|    ep_len_mean     | 267      |
|    ep_rew_mean     | -489     |
| time/              |          |
|    episodes        | 96       |
|    fps             | 77       |
|    time_elapsed    | 329      |
|    total_timesteps | 25618    |
| train/             |          |
|    actor_loss      | 90.3     |
|    critic_loss     | 9.36     |
|    ent_coef        | 0.0949   |
|    ent_coef_loss   | 0.134    |
|    learning_rate   | 0.0003   |
|    n_updates       | 20617    |
---------------------------------
---------------------------------
| rollout/           |          |
|    ep_len_mean     | 268      |
|    ep_rew_mean     | -486     |
| time/              |          |
|    episodes        | 100      |
|    fps             | 77       |
|    time_elapsed    | 347      |
|    total_timesteps | 26841    |
| train/             |          |
|    actor_loss      | 86.4     |
|    critic_loss     | 6.6      |
|    ent_coef        | 0.0971   |
|    ent_coef_loss   | -0.00121 |
|    learning_rate   | 0.0003   |
|    n_updates       | 21840    |
---------------------------------
---------------------------------
| rollout/           |          |
|    ep_len_mean     | 268      |
|    ep_rew_mean     | -450     |
| time/              |          |
|    episodes        | 104      |
|    fps             | 76       |
|    time_elapsed    | 366      |
|    total_timesteps | 28121    |
| train/             |          |
|    actor_loss      | 92.6     |
|    critic_loss     | 6.8      |
|    ent_coef        | 0.0973   |
|    ent_coef_loss   | -0.117   |
|    learning_rate   | 0.0003   |
|    n_updates       | 23120    |
---------------------------------
---------------------------------
| rollout/           |          |
|    ep_len_mean     | 268      |
|    ep_rew_mean     | -407     |
| time/              |          |
|    episodes        | 108      |
|    fps             | 76       |
|    time_elapsed    | 385      |
|    total_timesteps | 29401    |
| train/             |          |
|    actor_loss      | 96.9     |
|    critic_loss     | 2.41     |
|    ent_coef        | 0.0927   |
|    ent_coef_loss   | -0.0562  |
|    learning_rate   | 0.0003   |
|    n_updates       | 24400    |
---------------------------------
Eval num_timesteps=30000, episode_reward=-371.47 +/- 132.46
Episode length: 255.12 +/- 115.17
---------------------------------
| eval/              |          |
|    mean_ep_length  | 255      |
|    mean_reward     | -371     |
| time/              |          |
|    total_timesteps | 30000    |
| train/             |          |
|    actor_loss      | 91.5     |
|    critic_loss     | 4.7      |
|    ent_coef        | 0.0931   |
|    ent_coef_loss   | -0.149   |
|    learning_rate   | 0.0003   |
|    n_updates       | 24999    |
---------------------------------
[metrics] t=30000 R=-319.2 fuel=36.5mL time=134.9s stops=218.8 maxjerk=2.54
---------------------------------
| rollout/           |          |
|    ep_len_mean     | 268      |
|    ep_rew_mean     | -378     |
| time/              |          |
|    episodes        | 112      |
|    fps             | 75       |
|    time_elapsed    | 406      |
|    total_timesteps | 30681    |
| train/             |          |
|    actor_loss      | 97.5     |
|    critic_loss     | 4.91     |
|    ent_coef        | 0.0917   |
|    ent_coef_loss   | -0.188   |
|    learning_rate   | 0.0003   |
|    n_updates       | 25680    |
---------------------------------
---------------------------------
| rollout/           |          |
|    ep_len_mean     | 270      |
|    ep_rew_mean     | -355     |
| time/              |          |
|    episodes        | 116      |
|    fps             | 75       |
|    time_elapsed    | 424      |
|    total_timesteps | 31852    |
| train/             |          |
|    actor_loss      | 98       |
|    critic_loss     | 1.76     |
|    ent_coef        | 0.0912   |
|    ent_coef_loss   | 0.103    |
|    learning_rate   | 0.0003   |
|    n_updates       | 26851    |
---------------------------------
---------------------------------
| rollout/           |          |
|    ep_len_mean     | 271      |
|    ep_rew_mean     | -344     |
| time/              |          |
|    episodes        | 120      |
|    fps             | 74       |
|    time_elapsed    | 434      |
|    total_timesteps | 32533    |
| train/             |          |
|    actor_loss      | 103      |
|    critic_loss     | 5.66     |
|    ent_coef        | 0.0912   |
|    ent_coef_loss   | 0.0885   |
|    learning_rate   | 0.0003   |
|    n_updates       | 27532    |
---------------------------------
---------------------------------
| rollout/           |          |
|    ep_len_mean     | 280      |
|    ep_rew_mean     | -351     |
| time/              |          |
|    episodes        | 124      |
|    fps             | 74       |
|    time_elapsed    | 448      |
|    total_timesteps | 33518    |
| train/             |          |
|    actor_loss      | 107      |
|    critic_loss     | 1.6      |
|    ent_coef        | 0.0896   |
|    ent_coef_loss   | -0.458   |
|    learning_rate   | 0.0003   |
|    n_updates       | 28517    |
---------------------------------
---------------------------------
| rollout/           |          |
|    ep_len_mean     | 279      |
|    ep_rew_mean     | -343     |
| time/              |          |
|    episodes        | 128      |
|    fps             | 74       |
|    time_elapsed    | 461      |
|    total_timesteps | 34375    |
| train/             |          |
|    actor_loss      | 105      |
|    critic_loss     | 2.16     |
|    ent_coef        | 0.0912   |
|    ent_coef_loss   | -0.0541  |
|    learning_rate   | 0.0003   |
|    n_updates       | 29374    |
---------------------------------
---------------------------------
| rollout/           |          |
|    ep_len_mean     | 278      |
|    ep_rew_mean     | -333     |
| time/              |          |
|    episodes        | 132      |
|    fps             | 74       |
|    time_elapsed    | 479      |
|    total_timesteps | 35549    |
| train/             |          |
|    actor_loss      | 106      |
|    critic_loss     | 11.6     |
|    ent_coef        | 0.0911   |
|    ent_coef_loss   | -0.0339  |
|    learning_rate   | 0.0003   |
|    n_updates       | 30548    |
---------------------------------
---------------------------------
| rollout/           |          |
|    ep_len_mean     | 280      |
|    ep_rew_mean     | -335     |
| time/              |          |
|    episodes        | 136      |
|    fps             | 74       |
|    time_elapsed    | 497      |
|    total_timesteps | 36829    |
| train/             |          |
|    actor_loss      | 112      |
|    critic_loss     | 13.9     |
|    ent_coef        | 0.0905   |
|    ent_coef_loss   | -0.04    |
|    learning_rate   | 0.0003   |
|    n_updates       | 31828    |
---------------------------------
---------------------------------
| rollout/           |          |
|    ep_len_mean     | 280      |
|    ep_rew_mean     | -335     |
| time/              |          |
|    episodes        | 140      |
|    fps             | 73       |
|    time_elapsed    | 515      |
|    total_timesteps | 38109    |
| train/             |          |
|    actor_loss      | 107      |
|    critic_loss     | 7        |
|    ent_coef        | 0.0903   |
|    ent_coef_loss   | 0.145    |
|    learning_rate   | 0.0003   |
|    n_updates       | 33108    |
---------------------------------
---------------------------------
| rollout/           |          |
|    ep_len_mean     | 282      |
|    ep_rew_mean     | -339     |
| time/              |          |
|    episodes        | 144      |
|    fps             | 73       |
|    time_elapsed    | 538      |
|    total_timesteps | 39381    |
| train/             |          |
|    actor_loss      | 110      |
|    critic_loss     | 4.78     |
|    ent_coef        | 0.0875   |
|    ent_coef_loss   | -0.207   |
|    learning_rate   | 0.0003   |
|    n_updates       | 34380    |
---------------------------------
Eval num_timesteps=40000, episode_reward=-473.09 +/- 9.05
Episode length: 320.00 +/- 0.00
---------------------------------
| eval/              |          |
|    mean_ep_length  | 320      |
|    mean_reward     | -473     |
| time/              |          |
|    total_timesteps | 40000    |
| train/             |          |
|    actor_loss      | 113      |
|    critic_loss     | 4.71     |
|    ent_coef        | 0.0864   |
|    ent_coef_loss   | -0.134   |
|    learning_rate   | 0.0003   |
|    n_updates       | 34999    |
---------------------------------
[metrics] t=40000 R=-296.0 fuel=60.2mL time=144.6s stops=202.6 maxjerk=3.96
---------------------------------
| rollout/           |          |
|    ep_len_mean     | 281      |
|    ep_rew_mean     | -346     |
| time/              |          |
|    episodes        | 148      |
|    fps             | 72       |
|    time_elapsed    | 558      |
|    total_timesteps | 40582    |
| train/             |          |
|    actor_loss      | 113      |
|    critic_loss     | 5.01     |
|    ent_coef        | 0.0859   |
|    ent_coef_loss   | -0.0496  |
|    learning_rate   | 0.0003   |
|    n_updates       | 35581    |
---------------------------------
---------------------------------
| rollout/           |          |
|    ep_len_mean     | 285      |
|    ep_rew_mean     | -355     |
| time/              |          |
|    episodes        | 152      |
|    fps             | 72       |
|    time_elapsed    | 576      |
|    total_timesteps | 41763    |
| train/             |          |
|    actor_loss      | 118      |
|    critic_loss     | 15.8     |
|    ent_coef        | 0.0831   |
|    ent_coef_loss   | 0.146    |
|    learning_rate   | 0.0003   |
|    n_updates       | 36762    |
---------------------------------
---------------------------------
| rollout/           |          |
|    ep_len_mean     | 289      |
|    ep_rew_mean     | -356     |
| time/              |          |
|    episodes        | 156      |
|    fps             | 72       |
|    time_elapsed    | 594      |
|    total_timesteps | 42924    |
| train/             |          |
|    actor_loss      | 116      |
|    critic_loss     | 18.4     |
|    ent_coef        | 0.0834   |
|    ent_coef_loss   | -0.0381  |
|    learning_rate   | 0.0003   |
|    n_updates       | 37923    |
---------------------------------
---------------------------------
| rollout/           |          |
|    ep_len_mean     | 286      |
|    ep_rew_mean     | -358     |
| time/              |          |
|    episodes        | 160      |
|    fps             | 31       |
|    time_elapsed    | 1373     |
|    total_timesteps | 43694    |
| train/             |          |
|    actor_loss      | 116      |
|    critic_loss     | 1.36     |
|    ent_coef        | 0.084    |
|    ent_coef_loss   | 0.0609   |
|    learning_rate   | 0.0003   |
|    n_updates       | 38693    |
---------------------------------
---------------------------------
| rollout/           |          |
|    ep_len_mean     | 288      |
|    ep_rew_mean     | -358     |
| time/              |          |
|    episodes        | 164      |
|    fps             | 32       |
|    time_elapsed    | 1390     |
|    total_timesteps | 44842    |
| train/             |          |
|    actor_loss      | 110      |
|    critic_loss     | 6.09     |
|    ent_coef        | 0.0822   |
|    ent_coef_loss   | -0.0159  |
|    learning_rate   | 0.0003   |
|    n_updates       | 39841    |
---------------------------------
---------------------------------
| rollout/           |          |
|    ep_len_mean     | 286      |
|    ep_rew_mean     | -353     |
| time/              |          |
|    episodes        | 168      |
|    fps             | 32       |
|    time_elapsed    | 1406     |
|    total_timesteps | 45889    |
| train/             |          |
|    actor_loss      | 119      |
|    critic_loss     | 6.43     |
|    ent_coef        | 0.0843   |
|    ent_coef_loss   | 0.286    |
|    learning_rate   | 0.0003   |
|    n_updates       | 40888    |
---------------------------------
---------------------------------
| rollout/           |          |
|    ep_len_mean     | 283      |
|    ep_rew_mean     | -349     |
| time/              |          |
|    episodes        | 172      |
|    fps             | 32       |
|    time_elapsed    | 1421     |
|    total_timesteps | 46893    |
| train/             |          |
|    actor_loss      | 117      |
|    critic_loss     | 1.75     |
|    ent_coef        | 0.0934   |
|    ent_coef_loss   | -0.0488  |
|    learning_rate   | 0.0003   |
|    n_updates       | 41892    |
---------------------------------
---------------------------------
| rollout/           |          |
|    ep_len_mean     | 281      |
|    ep_rew_mean     | -348     |
| time/              |          |
|    episodes        | 176      |
|    fps             | 33       |
|    time_elapsed    | 1436     |
|    total_timesteps | 47967    |
| train/             |          |
|    actor_loss      | 119      |
|    critic_loss     | 5.93     |
|    ent_coef        | 0.0952   |
|    ent_coef_loss   | -0.442   |
|    learning_rate   | 0.0003   |
|    n_updates       | 42966    |
---------------------------------
---------------------------------
| rollout/           |          |
|    ep_len_mean     | 280      |
|    ep_rew_mean     | -343     |
| time/              |          |
|    episodes        | 180      |
|    fps             | 33       |
|    time_elapsed    | 1453     |
|    total_timesteps | 49174    |
| train/             |          |
|    actor_loss      | 117      |
|    critic_loss     | 4.76     |
|    ent_coef        | 0.0993   |
|    ent_coef_loss   | -0.0183  |
|    learning_rate   | 0.0003   |
|    n_updates       | 44173    |
---------------------------------
---------------------------------
| rollout/           |          |
|    ep_len_mean     | 278      |
|    ep_rew_mean     | -342     |
| time/              |          |
|    episodes        | 184      |
|    fps             | 34       |
|    time_elapsed    | 1463     |
|    total_timesteps | 49859    |
| train/             |          |
|    actor_loss      | 112      |
|    critic_loss     | 5.91     |
|    ent_coef        | 0.101    |
|    ent_coef_loss   | -0.101   |
|    learning_rate   | 0.0003   |
|    n_updates       | 44858    |
---------------------------------
Eval num_timesteps=50000, episode_reward=-357.50 +/- 74.04
Episode length: 257.50 +/- 69.54
---------------------------------
| eval/              |          |
|    mean_ep_length  | 258      |
|    mean_reward     | -358     |
| time/              |          |
|    total_timesteps | 50000    |
| train/             |          |
|    actor_loss      | 118      |
|    critic_loss     | 5.62     |
|    ent_coef        | 0.101    |
|    ent_coef_loss   | -0.161   |
|    learning_rate   | 0.0003   |
|    n_updates       | 44999    |
---------------------------------
[metrics] t=50000 R=-285.9 fuel=78.8mL time=145.9s stops=164.1 maxjerk=4.12
---------------------------------
| rollout/           |          |
|    ep_len_mean     | 279      |
|    ep_rew_mean     | -337     |
| time/              |          |
|    episodes        | 188      |
|    fps             | 34       |
|    time_elapsed    | 1480     |
|    total_timesteps | 50938    |
| train/             |          |
|    actor_loss      | 123      |
|    critic_loss     | 1.98     |
|    ent_coef        | 0.102    |
|    ent_coef_loss   | 0.0986   |
|    learning_rate   | 0.0003   |
|    n_updates       | 45937    |
---------------------------------
---------------------------------
| rollout/           |          |
|    ep_len_mean     | 277      |
|    ep_rew_mean     | -330     |
| time/              |          |
|    episodes        | 192      |
|    fps             | 34       |
|    time_elapsed    | 1495     |
|    total_timesteps | 51994    |
| train/             |          |
|    actor_loss      | 122      |
|    critic_loss     | 4.01     |
|    ent_coef        | 0.104    |
|    ent_coef_loss   | -0.0758  |
|    learning_rate   | 0.0003   |
|    n_updates       | 46993    |
---------------------------------
---------------------------------
| rollout/           |          |
|    ep_len_mean     | 274      |
|    ep_rew_mean     | -325     |
| time/              |          |
|    episodes        | 196      |
|    fps             | 35       |
|    time_elapsed    | 1510     |
|    total_timesteps | 53062    |
| train/             |          |
|    actor_loss      | 122      |
|    critic_loss     | 9.75     |
|    ent_coef        | 0.104    |
|    ent_coef_loss   | -0.0977  |
|    learning_rate   | 0.0003   |
|    n_updates       | 48061    |
---------------------------------
---------------------------------
| rollout/           |          |
|    ep_len_mean     | 273      |
|    ep_rew_mean     | -315     |
| time/              |          |
|    episodes        | 200      |
|    fps             | 35       |
|    time_elapsed    | 1526     |
|    total_timesteps | 54190    |
| train/             |          |
|    actor_loss      | 116      |
|    critic_loss     | 1.56     |
|    ent_coef        | 0.106    |
|    ent_coef_loss   | 0.312    |
|    learning_rate   | 0.0003   |
|    n_updates       | 49189    |
---------------------------------
---------------------------------
| rollout/           |          |
|    ep_len_mean     | 272      |
|    ep_rew_mean     | -310     |
| time/              |          |
|    episodes        | 204      |
|    fps             | 35       |
|    time_elapsed    | 1541     |
|    total_timesteps | 55289    |
| train/             |          |
|    actor_loss      | 121      |
|    critic_loss     | 2.04     |
|    ent_coef        | 0.106    |
|    ent_coef_loss   | -0.0487  |
|    learning_rate   | 0.0003   |
|    n_updates       | 50288    |
---------------------------------
---------------------------------
| rollout/           |          |
|    ep_len_mean     | 269      |
|    ep_rew_mean     | -311     |
| time/              |          |
|    episodes        | 208      |
|    fps             | 36       |
|    time_elapsed    | 1555     |
|    total_timesteps | 56298    |
| train/             |          |
|    actor_loss      | 119      |
|    critic_loss     | 2.32     |
|    ent_coef        | 0.107    |
|    ent_coef_loss   | 0.0112   |
|    learning_rate   | 0.0003   |
|    n_updates       | 51297    |
---------------------------------
---------------------------------
| rollout/           |          |
|    ep_len_mean     | 266      |
|    ep_rew_mean     | -306     |
| time/              |          |
|    episodes        | 212      |
|    fps             | 36       |
|    time_elapsed    | 1569     |
|    total_timesteps | 57314    |
| train/             |          |
|    actor_loss      | 120      |
|    critic_loss     | 2.05     |
|    ent_coef        | 0.106    |
|    ent_coef_loss   | 0.179    |
|    learning_rate   | 0.0003   |
|    n_updates       | 52313    |
---------------------------------
---------------------------------
| rollout/           |          |
|    ep_len_mean     | 266      |
|    ep_rew_mean     | -298     |
| time/              |          |
|    episodes        | 216      |
|    fps             | 36       |
|    time_elapsed    | 1585     |
|    total_timesteps | 58464    |
| train/             |          |
|    actor_loss      | 119      |
|    critic_loss     | 4.38     |
|    ent_coef        | 0.111    |
|    ent_coef_loss   | 0.366    |
|    learning_rate   | 0.0003   |
|    n_updates       | 53463    |
---------------------------------
---------------------------------
| rollout/           |          |
|    ep_len_mean     | 268      |
|    ep_rew_mean     | -293     |
| time/              |          |
|    episodes        | 220      |
|    fps             | 37       |
|    time_elapsed    | 1597     |
|    total_timesteps | 59304    |
| train/             |          |
|    actor_loss      | 120      |
|    critic_loss     | 2.42     |
|    ent_coef        | 0.11     |
|    ent_coef_loss   | -0.0333  |
|    learning_rate   | 0.0003   |
|    n_updates       | 54303    |
---------------------------------
Eval num_timesteps=60000, episode_reward=-254.96 +/- 95.44
Episode length: 246.38 +/- 94.37
---------------------------------
| eval/              |          |
|    mean_ep_length  | 246      |
|    mean_reward     | -255     |
| time/              |          |
|    total_timesteps | 60000    |
| train/             |          |
|    actor_loss      | 118      |
|    critic_loss     | 4.5      |
|    ent_coef        | 0.11     |
|    ent_coef_loss   | 0.268    |
|    learning_rate   | 0.0003   |
|    n_updates       | 54999    |
---------------------------------
New best mean reward!
[metrics] t=60000 R=-277.5 fuel=72.4mL time=126.2s stops=104.8 maxjerk=4.07
---------------------------------
| rollout/           |          |
|    ep_len_mean     | 266      |
|    ep_rew_mean     | -286     |
| time/              |          |
|    episodes        | 224      |
|    fps             | 37       |
|    time_elapsed    | 1610     |
|    total_timesteps | 60097    |
| train/             |          |
|    actor_loss      | 121      |
|    critic_loss     | 25.7     |
|    ent_coef        | 0.111    |
|    ent_coef_loss   | -0.0573  |
|    learning_rate   | 0.0003   |
|    n_updates       | 55096    |
---------------------------------
---------------------------------
| rollout/           |          |
|    ep_len_mean     | 264      |
|    ep_rew_mean     | -287     |
| time/              |          |
|    episodes        | 228      |
|    fps             | 37       |
|    time_elapsed    | 1619     |
|    total_timesteps | 60772    |
| train/             |          |
|    actor_loss      | 124      |
|    critic_loss     | 3.66     |
|    ent_coef        | 0.109    |
|    ent_coef_loss   | -0.0156  |
|    learning_rate   | 0.0003   |
|    n_updates       | 55771    |
---------------------------------
---------------------------------
| rollout/           |          |
|    ep_len_mean     | 265      |
|    ep_rew_mean     | -287     |
| time/              |          |
|    episodes        | 232      |
|    fps             | 37       |
|    time_elapsed    | 1637     |
|    total_timesteps | 62007    |
| train/             |          |
|    actor_loss      | 118      |
|    critic_loss     | 6.03     |
|    ent_coef        | 0.106    |
|    ent_coef_loss   | 0.13     |
|    learning_rate   | 0.0003   |
|    n_updates       | 57006    |
---------------------------------
---------------------------------
| rollout/           |          |
|    ep_len_mean     | 262      |
|    ep_rew_mean     | -281     |
| time/              |          |
|    episodes        | 236      |
|    fps             | 38       |
|    time_elapsed    | 1652     |
|    total_timesteps | 63073    |
| train/             |          |
|    actor_loss      | 120      |
|    critic_loss     | 5.99     |
|    ent_coef        | 0.107    |
|    ent_coef_loss   | -0.0622  |
|    learning_rate   | 0.0003   |
|    n_updates       | 58072    |
---------------------------------
---------------------------------
| rollout/           |          |
|    ep_len_mean     | 261      |
|    ep_rew_mean     | -272     |
| time/              |          |
|    episodes        | 240      |
|    fps             | 38       |
|    time_elapsed    | 1667     |
|    total_timesteps | 64174    |
| train/             |          |
|    actor_loss      | 113      |
|    critic_loss     | 2.2      |
|    ent_coef        | 0.108    |
|    ent_coef_loss   | -0.151   |
|    learning_rate   | 0.0003   |
|    n_updates       | 59173    |
---------------------------------
